<?xml version="1.0" encoding="UTF-8"?>
<testsuite xmlns:xsi="http://www.w3.org/2001/XMLSchema-instance" xsi:schemaLocation="https://maven.apache.org/surefire/maven-surefire-plugin/xsd/surefire-test-report.xsd" name="latest.echo.EchoServiceInServerIT" time="322.486" tests="1" errors="1" skipped="0" failures="0">
  <properties>
[...]
</properties>
  <testcase name="latest.echo.EchoServiceInServerIT" classname="latest.echo.EchoServiceInServerIT" time="322.484">
    <error message="Could not start container" type="org.jboss.arquillian.container.spi.client.container.LifecycleException">org.jboss.arquillian.container.spi.client.container.LifecycleException: Could not start container
Caused by: java.util.concurrent.TimeoutException: Managed server was not started within [60] s
</error>
    <system-out><![CDATA[chameleon: preparing distribution org.wildfly:wildfly-dist:zip:10.1.0.Final
................................................................................................................................................................................
10:07:13,585 INFO  [org.jboss.modules] (main) JBoss Modules version 1.5.2.Final
10:07:28,641 INFO  [org.jboss.msc] (main) JBoss MSC version 1.2.6.Final
10:07:31,423 INFO  [org.jboss.as] (MSC service thread 1-7) WFLYSRV0049: WildFly Full 10.1.0.Final (WildFly Core 2.2.0.Final) starting
10:07:56,426 INFO  [org.jboss.as.server] (Controller Boot Thread) WFLYSRV0039: Creating http management service using socket-binding (management-http)
10:07:56,450 INFO  [org.xnio] (MSC service thread 1-2) XNIO version 3.4.0.Final
10:07:56,623 INFO  [org.xnio.nio] (MSC service thread 1-2) XNIO NIO Implementation Version 3.4.0.Final
10:07:58,835 WARN  [org.jboss.as.txn] (ServerService Thread Pool -- 54) WFLYTX0013: Node identifier property is set to the default value. Please make sure it is unique.
10:07:58,848 INFO  [org.jboss.as.naming] (ServerService Thread Pool -- 46) WFLYNAM0001: Activating Naming Subsystem
10:07:58,868 INFO  [org.jboss.as.security] (ServerService Thread Pool -- 53) WFLYSEC0002: Activating Security Subsystem
10:07:58,871 INFO  [org.jboss.as.webservices] (ServerService Thread Pool -- 56) WFLYWS0002: Activating WebServices Extension
10:07:58,868 INFO  [org.jboss.as.clustering.infinispan] (ServerService Thread Pool -- 38) WFLYCLINF0001: Activating Infinispan subsystem.
10:07:58,885 INFO  [org.jboss.as.jsf] (ServerService Thread Pool -- 44) WFLYJSF0007: Activated the following JSF Implementations: [main]
10:07:58,891 INFO  [org.jboss.as.security] (MSC service thread 1-6) WFLYSEC0001: Current PicketBox version=4.9.6.Final
10:07:58,929 INFO  [org.wildfly.extension.io] (ServerService Thread Pool -- 37) WFLYIO001: Worker 'default' has auto-configured to 8 core threads with 64 task threads based on your 4 available processors
10:07:58,939 INFO  [org.jboss.remoting] (MSC service thread 1-2) JBoss Remoting version 4.0.21.Final
10:07:59,078 INFO  [org.wildfly.extension.undertow] (MSC service thread 1-4) WFLYUT0003: Undertow 1.4.0.Final starting
10:07:59,352 INFO  [org.jboss.as.connector] (MSC service thread 1-7) WFLYJCA0009: Starting JCA Subsystem (WildFly/IronJacamar 1.3.4.Final)
10:08:00,401 INFO  [org.jboss.as.connector.subsystems.datasources] (ServerService Thread Pool -- 33) WFLYJCA0004: Deploying JDBC-compliant driver class org.h2.Driver (version 1.3)
10:08:00,412 INFO  [org.jboss.as.connector.deployers.jdbc] (MSC service thread 1-5) WFLYJCA0018: Started Driver service with driver-name = h2
10:08:00,498 INFO  [org.jboss.as.naming] (MSC service thread 1-2) WFLYNAM0003: Starting Naming Service
10:08:00,507 INFO  [org.jboss.as.mail.extension] (MSC service thread 1-6) WFLYMAIL0001: Bound mail session [java:jboss/mail/Default]
10:08:00,525 INFO  [org.wildfly.extension.undertow] (ServerService Thread Pool -- 55) WFLYUT0014: Creating file handler for path 'C:\Users\pallip\Downloads\mvnprct\dev\target\server\wildfly-dist_10.1.0.Final\wildfly-10.1.0.Final/welcome-content' with options [directory-listing: 'false', follow-symlink: 'false', case-sensitive: 'true', safe-symlink-paths: '[]']
10:08:00,642 INFO  [org.wildfly.extension.undertow] (MSC service thread 1-5) WFLYUT0012: Started server default-server.
10:08:00,656 INFO  [org.wildfly.extension.undertow] (MSC service thread 1-5) WFLYUT0018: Host default-host starting
10:08:01,109 INFO  [org.jboss.as.ejb3] (MSC service thread 1-2) WFLYEJB0481: Strict pool slsb-strict-max-pool is using a max instance size of 64 (per class), which is derived from thread worker pool sizing.
10:08:01,009 INFO  [org.jboss.as.ejb3] (MSC service thread 1-4) WFLYEJB0482: Strict pool mdb-strict-max-pool is using a max instance size of 16 (per class), which is derived from the number of CPUs on this host.
10:08:02,052 WARN  [org.jboss.as.domain.management.security] (MSC service thread 1-5) WFLYDM0111: Keystore C:\Users\pallip\Downloads\mvnprct\dev\target\server\wildfly-dist_10.1.0.Final\wildfly-10.1.0.Final\standalone\configuration\application.keystore not found, it will be auto generated on first use with a self signed certificate for host localhost
10:08:02,080 INFO  [org.jboss.as.server.deployment.scanner] (MSC service thread 1-6) WFLYDS0013: Started FileSystemDeploymentService for directory C:\Users\pallip\Downloads\mvnprct\dev\target\server\wildfly-dist_10.1.0.Final\wildfly-10.1.0.Final\standalone\deployments
10:08:02,703 INFO  [org.infinispan.factories.GlobalComponentRegistry] (MSC service thread 1-4) ISPN000128: Infinispan version: Infinispan 'Chakra' 8.2.4.Final
10:08:05,026 INFO  [org.infinispan.configuration.cache.EvictionConfigurationBuilder] (ServerService Thread Pool -- 61) ISPN000152: Passivation configured without an eviction policy being selected. Only manually evicted entities will be passivated.
10:08:05,025 INFO  [org.infinispan.configuration.cache.EvictionConfigurationBuilder] (ServerService Thread Pool -- 64) ISPN000152: Passivation configured without an eviction policy being selected. Only manually evicted entities will be passivated.
10:08:05,027 INFO  [org.infinispan.configuration.cache.EvictionConfigurationBuilder] (ServerService Thread Pool -- 64) ISPN000152: Passivation configured without an eviction policy being selected. Only manually evicted entities will be passivated.
10:08:05,026 INFO  [org.infinispan.configuration.cache.EvictionConfigurationBuilder] (ServerService Thread Pool -- 62) ISPN000152: Passivation configured without an eviction policy being selected. Only manually evicted entities will be passivated.
10:08:05,027 INFO  [org.infinispan.configuration.cache.EvictionConfigurationBuilder] (ServerService Thread Pool -- 61) ISPN000152: Passivation configured without an eviction policy being selected. Only manually evicted entities will be passivated.
10:08:05,029 INFO  [org.infinispan.configuration.cache.EvictionConfigurationBuilder] (ServerService Thread Pool -- 62) ISPN000152: Passivation configured without an eviction policy being selected. Only manually evicted entities will be passivated.
]]></system-out>
    <system-err><![CDATA[Jul 18, 2019 10:07:04 AM org.jboss.as.arquillian.container.managed.ManagedDeployableContainer startInternal
WARNING: Bundles path is deprecated and no longer used.
Jul 18, 2019 10:07:04 AM org.jboss.as.arquillian.container.managed.ManagedDeployableContainer startInternal
INFO: Starting container with: ["C:\Program Files\Java\jdk1.8.0_221\jre\bin\java", -D[Standalone], -Xms64m, -Xmx512m, -Djava.net.preferIPv4Stack=true, -Djava.awt.headless=true, -Djboss.modules.system.pkgs=org.jboss.byteman, -ea, -Djboss.home.dir=C:\Users\pallip\Downloads\mvnprct\dev\target\server\wildfly-dist_10.1.0.Final\wildfly-10.1.0.Final, -Dorg.jboss.boot.log.file=C:\Users\pallip\Downloads\mvnprct\dev\target\server\wildfly-dist_10.1.0.Final\wildfly-10.1.0.Final\standalone\log\server.log, -Dlogging.configuration=file:C:\Users\pallip\Downloads\mvnprct\dev\target\server\wildfly-dist_10.1.0.Final\wildfly-10.1.0.Final\standalone\configuration\logging.properties, -jar, C:\Users\pallip\Downloads\mvnprct\dev\target\server\wildfly-dist_10.1.0.Final\wildfly-10.1.0.Final\jboss-modules.jar, -mp, C:\Users\pallip\Downloads\mvnprct\dev\target\server\wildfly-dist_10.1.0.Final\wildfly-10.1.0.Final\modules, org.jboss.as.standalone, -Djboss.home.dir=C:\Users\pallip\Downloads\mvnprct\dev\target\server\wildfly-dist_10.1.0.Final\wildfly-10.1.0.Final, -Djboss.server.base.dir=C:\Users\pallip\Downloads\mvnprct\dev\target\server\wildfly-dist_10.1.0.Final\wildfly-10.1.0.Final\standalone, -Djboss.server.log.dir=C:\Users\pallip\Downloads\mvnprct\dev\target\server\wildfly-dist_10.1.0.Final\wildfly-10.1.0.Final\standalone\log, -Djboss.server.config.dir=C:\Users\pallip\Downloads\mvnprct\dev\target\server\wildfly-dist_10.1.0.Final\wildfly-10.1.0.Final\standalone\configuration, -c=standalone.xml]
Jul 18, 2019 10:07:05 AM org.xnio.Xnio <clinit>
INFO: XNIO version 3.3.1.Final
Jul 18, 2019 10:07:06 AM org.xnio.nio.NioXnio <clinit>
INFO: XNIO NIO Implementation Version 3.3.1.Final
Jul 18, 2019 10:07:07 AM org.jboss.remoting3.EndpointImpl <clinit>
INFO: JBoss Remoting version 4.0.9.Final
]]></system-err>
  </testcase>
</testsuite>